<?xml version="1.0" encoding="UTF-8"?>
<!-- Generated by org.testng.reporters.JUnitReportReporter -->
<testsuite hostname="LAPTOP-0DAPHRPP" failures="0" tests="3" name="com.test.com.annotation" time="0.008" errors="0" timestamp="23 Feb 2019 06:27:08 GMT" skipped="0">
  <testcase classname="com.test.com.annotation" name="ModifyCustomerTest" time="0.001"/>
  <testcase classname="com.test.com.annotation" name="CreateCustomerTest" time="0.006"/>
  <testcase classname="com.test.com.annotation" name="DeleteCustomerTest" time="0.001"/>
</testsuite> <!-- com.test.com.annotation -->
