<?xml version="1.0" encoding="UTF-8"?>
<!-- Generated by org.testng.reporters.JUnitReportReporter -->
<testsuite hostname="LAPTOP-0DAPHRPP" failures="0" tests="1" name="ranjib.ranjib.jenkin.sample" time="0.012" errors="0" timestamp="17 Aug 2019 15:23:53 GMT">
  <testcase classname="ranjib.ranjib.jenkin.sample" name="demp" time="0.012"/>
</testsuite> <!-- ranjib.ranjib.jenkin.sample -->
